  main.cpp
E:\c\算法_studio\线性表\main.cpp(163,10): warning C4566: 由通用字符名称“\uFFFD”表示的字符不能在当前代码页(936)中表示出来
E:\c\算法_studio\线性表\main.cpp(166,10): warning C4566: 由通用字符名称“\uFFFD”表示的字符不能在当前代码页(936)中表示出来
E:\c\算法_studio\线性表\main.cpp(177,11): warning C4566: 由通用字符名称“\uFFFD”表示的字符不能在当前代码页(936)中表示出来
E:\c\算法_studio\线性表\main.cpp(177,11): warning C4566: 由通用字符名称“\u036C”表示的字符不能在当前代码页(936)中表示出来
E:\c\算法_studio\线性表\main.cpp(177,11): warning C4566: 由通用字符名称“\u052A”表示的字符不能在当前代码页(936)中表示出来
E:\c\算法_studio\线性表\main.cpp(177,11): warning C4566: 由通用字符名称“\u0623”表示的字符不能在当前代码页(936)中表示出来
E:\c\算法_studio\线性表\main.cpp(235,9): warning C4566: 由通用字符名称“\u027E”表示的字符不能在当前代码页(936)中表示出来
E:\c\算法_studio\线性表\main.cpp(235,9): warning C4566: 由通用字符名称“\uFFFD”表示的字符不能在当前代码页(936)中表示出来
E:\c\算法_studio\线性表\main.cpp(237,9): warning C4566: 由通用字符名称“\u027E”表示的字符不能在当前代码页(936)中表示出来
E:\c\算法_studio\线性表\main.cpp(237,9): warning C4566: 由通用字符名称“\uFFFD”表示的字符不能在当前代码页(936)中表示出来
E:\c\算法_studio\线性表\main.cpp(251,9): warning C4566: 由通用字符名称“\uFFFD”表示的字符不能在当前代码页(936)中表示出来
E:\c\算法_studio\线性表\main.cpp(251,9): warning C4566: 由通用字符名称“\u027E”表示的字符不能在当前代码页(936)中表示出来
E:\c\算法_studio\线性表\main.cpp(263,9): warning C4566: 由通用字符名称“\uFFFD”表示的字符不能在当前代码页(936)中表示出来
E:\c\算法_studio\线性表\main.cpp(266,9): warning C4566: 由通用字符名称“\uFFFD”表示的字符不能在当前代码页(936)中表示出来
E:\c\算法_studio\线性表\main.cpp(266,9): warning C4566: 由通用字符名称“\u04B5”表示的字符不能在当前代码页(936)中表示出来
E:\c\算法_studio\线性表\main.cpp(266,9): warning C4566: 由通用字符名称“\u05B5”表示的字符不能在当前代码页(936)中表示出来
E:\c\算法_studio\线性表\main.cpp(266,9): warning C4566: 由通用字符名称“\u03AA”表示的字符不能在当前代码页(936)中表示出来
E:\c\算法_studio\线性表\main.cpp(294,9): warning C4566: 由通用字符名称“\uFFFD”表示的字符不能在当前代码页(936)中表示出来
E:\c\算法_studio\线性表\main.cpp(294,9): warning C4566: 由通用字符名称“\u05EA”表示的字符不能在当前代码页(936)中表示出来
E:\c\算法_studio\线性表\main.cpp(302,9): warning C4566: 由通用字符名称“\u052D”表示的字符不能在当前代码页(936)中表示出来
E:\c\算法_studio\线性表\main.cpp(302,9): warning C4566: 由通用字符名称“\uFFFD”表示的字符不能在当前代码页(936)中表示出来
E:\c\算法_studio\线性表\main.cpp(307,9): warning C4566: 由通用字符名称“\uFFFD”表示的字符不能在当前代码页(936)中表示出来
E:\c\算法_studio\线性表\main.cpp(307,9): warning C4566: 由通用字符名称“\u05EA”表示的字符不能在当前代码页(936)中表示出来
E:\c\算法_studio\线性表\main.cpp(313,9): warning C4566: 由通用字符名称“\u01F0”表示的字符不能在当前代码页(936)中表示出来
E:\c\算法_studio\线性表\main.cpp(313,9): warning C4566: 由通用字符名称“\uFFFD”表示的字符不能在当前代码页(936)中表示出来
E:\c\算法_studio\线性表\main.cpp(313,9): warning C4566: 由通用字符名称“\uBCBF”表示的字符不能在当前代码页(936)中表示出来
E:\c\算法_studio\线性表\main.cpp(313,9): warning C4566: 由通用字符名称“\u05EA”表示的字符不能在当前代码页(936)中表示出来
E:\c\算法_studio\线性表\main.cpp(319,9): warning C4566: 由通用字符名称“\uFFFD”表示的字符不能在当前代码页(936)中表示出来
E:\c\算法_studio\线性表\main.cpp(319,9): warning C4566: 由通用字符名称“\uBCBF”表示的字符不能在当前代码页(936)中表示出来
E:\c\算法_studio\线性表\main.cpp(319,9): warning C4566: 由通用字符名称“\u05EA”表示的字符不能在当前代码页(936)中表示出来
E:\c\算法_studio\线性表\main.cpp(104): warning C4715: “Reverse”: 不是所有的控件路径都返回值
  线性表.vcxproj -> E:\c\算法_studio\线性表\x64\Debug\线性表.exe
